<?xml version="1.0" encoding="UTF-8"?>
<testng-results skipped="0" failed="0" ignored="0" total="1" passed="1">
  <reporter-output>
  </reporter-output>
  <suite name="Suite" duration-ms="63" started-at="2020-08-18T12:06:43Z" finished-at="2020-08-18T12:06:43Z">
    <groups>
    </groups>
    <test name="Test" duration-ms="63" started-at="2020-08-18T12:06:43Z" finished-at="2020-08-18T12:06:43Z">
      <class name="App">
        <test-method status="PASS" signature="app1()[pri:0, instance:App@6aaa5eb0]" name="app1" duration-ms="11" started-at="2020-08-18T12:06:43Z" finished-at="2020-08-18T12:06:43Z">
          <reporter-output>
          </reporter-output>
        </test-method> <!-- app1 -->
      </class> <!-- App -->
    </test> <!-- Test -->
  </suite> <!-- Suite -->
</testng-results>
